#
# There is insufficient memory for the Java Runtime Environment to continue.
# Native memory allocation (malloc) failed to allocate 40496 bytes for Chunk::new
# Possible reasons:
#   The system is out of physical RAM or swap space
#   The process is running with CompressedOops enabled, and the Java Heap may be blocking the growth of the native heap
# Possible solutions:
#   Reduce memory load on the system
#   Increase physical memory or swap space
#   Check if swap backing store is full
#   Decrease Java heap size (-Xmx/-Xms)
#   Decrease number of Java threads
#   Decrease Java thread stack sizes (-Xss)
#   Set larger code cache with -XX:ReservedCodeCacheSize=
#   JVM is running with Zero Based Compressed Oops mode in which the Java heap is
#     placed in the first 32GB address space. The Java Heap base address is the
#     maximum limit for the native heap growth. Please use -XX:HeapBaseMinAddress
#     to set the Java Heap base and to place the Java Heap above 32GB virtual address.
# This output file may be truncated or incomplete.
#
#  Out of Memory Error (./open/src/hotspot/share/memory/arena.cpp:197), pid=18948, tid=19192
#
# JRE version: Java(TM) SE Runtime Environment 18.9 (11.0.24+7) (build 11.0.24+7-LTS-271)
# Java VM: Java HotSpot(TM) 64-Bit Server VM 18.9 (11.0.24+7-LTS-271, mixed mode, tiered, compressed oops, g1 gc, windows-amd64)
# No core dump will be written. Minidumps are not enabled by default on client versions of Windows
#

---------------  S U M M A R Y ------------

Command Line: -agentlib:jdwp=transport=dt_socket,suspend=y,address=localhost:50986 -javaagent:C:\Users\EZENIC-145\Downloads\eclipse\configuration\org.eclipse.osgi\448\0\.cp\lib\javaagent-shaded.jar -Dfile.encoding=utf-8 -Dstdout.encoding=utf-8 -Dstderr.encoding=utf-8 --module-path=D:\gunhee_240904\java_workspace\java_project\bin -Djdk.module.main=java_project java_project/fishing.FishingMain

Host: Intel(R) Core(TM) i5-6500 CPU @ 3.20GHz, 4 cores, 31G,  Windows 10 , 64 bit Build 19041 (10.0.19041.3636)
Time: Fri Oct 18 15:35:43 2024  Windows 10 , 64 bit Build 19041 (10.0.19041.3636) elapsed time: 1.086896 seconds (0d 0h 0m 1s)

---------------  T H R E A D  ---------------

Current thread (0x00000218b40f5000):  JavaThread "C2 CompilerThread1" daemon [_thread_in_native, id=19192, stack(0x000000f6fc200000,0x000000f6fc300000)]


Current CompileTask:
C2:   1087  830       4       org.eclipse.jdt.launching.internal.org.objectweb.asm.MethodWriter::visitVarInsn (302 bytes)

Stack: [0x000000f6fc200000,0x000000f6fc300000]
Native frames: (J=compiled Java code, j=interpreted, Vv=VM code, C=native code)
V  [jvm.dll+0x657ffa]
V  [jvm.dll+0x799f7f]
V  [jvm.dll+0x79b649]
V  [jvm.dll+0x79bcf3]
V  [jvm.dll+0x255535]
V  [jvm.dll+0xb310c]
V  [jvm.dll+0xb371c]
V  [jvm.dll+0x35f821]
V  [jvm.dll+0x1a0f42]
V  [jvm.dll+0x20f09d]
V  [jvm.dll+0x20df1d]
V  [jvm.dll+0x18b361]
V  [jvm.dll+0x21e594]
V  [jvm.dll+0x21c8bc]
V  [jvm.dll+0x75de51]
V  [jvm.dll+0x756774]
V  [jvm.dll+0x656ea5]
C  [ucrtbase.dll+0x21bb2]
C  [KERNEL32.DLL+0x17344]
C  [ntdll.dll+0x4cc91]


---------------  P R O C E S S  ---------------

Threads class SMR info:
_java_thread_list=0x00000218b43b43b0, length=15, elements={
0x0000021887bb3000, 0x00000218b3e1a800, 0x00000218b3e23800, 0x00000218b3e91800,
0x00000218b3e94800, 0x00000218b3e96000, 0x00000218b3e99000, 0x00000218b3eb5800,
0x00000218b3f09800, 0x00000218b4014000, 0x00000218b42e8800, 0x00000218b42e9800,
0x00000218b42ea800, 0x00000218b40f5000, 0x00000218b43b9000
}

Java Threads: ( => current thread )
  0x0000021887bb3000 JavaThread "main" [_thread_in_Java, id=19000, stack(0x000000f6faf00000,0x000000f6fb000000)]
  0x00000218b3e1a800 JavaThread "Reference Handler" daemon [_thread_blocked, id=19044, stack(0x000000f6fb600000,0x000000f6fb700000)]
  0x00000218b3e23800 JavaThread "Finalizer" daemon [_thread_blocked, id=19048, stack(0x000000f6fb700000,0x000000f6fb800000)]
  0x00000218b3e91800 JavaThread "Signal Dispatcher" daemon [_thread_blocked, id=19052, stack(0x000000f6fb800000,0x000000f6fb900000)]
  0x00000218b3e94800 JavaThread "Attach Listener" daemon [_thread_blocked, id=19056, stack(0x000000f6fb900000,0x000000f6fba00000)]
  0x00000218b3e96000 JavaThread "Service Thread" daemon [_thread_blocked, id=19060, stack(0x000000f6fba00000,0x000000f6fbb00000)]
  0x00000218b3e99000 JavaThread "C2 CompilerThread0" daemon [_thread_in_native, id=19064, stack(0x000000f6fbb00000,0x000000f6fbc00000)]
  0x00000218b3eb5800 JavaThread "C1 CompilerThread0" daemon [_thread_in_native, id=19068, stack(0x000000f6fbc00000,0x000000f6fbd00000)]
  0x00000218b3f09800 JavaThread "Sweeper thread" daemon [_thread_blocked, id=19072, stack(0x000000f6fbd00000,0x000000f6fbe00000)]
  0x00000218b4014000 JavaThread "Common-Cleaner" daemon [_thread_blocked, id=19088, stack(0x000000f6fbe00000,0x000000f6fbf00000)]
  0x00000218b42e8800 JavaThread "JDWP Transport Listener: dt_socket" daemon [_thread_blocked, id=19128, stack(0x000000f6fbf00000,0x000000f6fc000000)]
  0x00000218b42e9800 JavaThread "JDWP Event Helper Thread" daemon [_thread_blocked, id=19132, stack(0x000000f6fc000000,0x000000f6fc100000)]
  0x00000218b42ea800 JavaThread "JDWP Command Reader" daemon [_thread_in_native, id=19144, stack(0x000000f6fc100000,0x000000f6fc200000)]
=>0x00000218b40f5000 JavaThread "C2 CompilerThread1" daemon [_thread_in_native, id=19192, stack(0x000000f6fc200000,0x000000f6fc300000)]
  0x00000218b43b9000 JavaThread "mysql-cj-abandoned-connection-cleanup" daemon [_thread_blocked, id=19208, stack(0x000000f6fc400000,0x000000f6fc500000)]

Other Threads:
  0x00000218b3e19000 VMThread "VM Thread" [stack: 0x000000f6fb500000,0x000000f6fb600000] [id=19040]
  0x00000218b43f7000 WatcherThread [stack: 0x000000f6fc300000,0x000000f6fc400000] [id=19196]
  0x0000021887bc7000 GCTaskThread "GC Thread#0" [stack: 0x000000f6fb000000,0x000000f6fb100000] [id=19008]
  0x0000021887c46000 ConcurrentGCThread "G1 Main Marker" [stack: 0x000000f6fb100000,0x000000f6fb200000] [id=19012]
  0x0000021887c4a000 ConcurrentGCThread "G1 Conc#0" [stack: 0x000000f6fb200000,0x000000f6fb300000] [id=19016]
  0x00000218b3457000 ConcurrentGCThread "G1 Refine#0" [stack: 0x000000f6fb300000,0x000000f6fb400000] [id=19020]
  0x00000218b3458000 ConcurrentGCThread "G1 Young RemSet Sampling" [stack: 0x000000f6fb400000,0x000000f6fb500000] [id=19024]

Threads with active compile tasks:
C2 CompilerThread0     1126  893 %     4       org.eclipse.jdt.launching.internal.org.objectweb.asm.ClassReader::readCode @ 2037 (5117 bytes)
C1 CompilerThread0     1126  888       3       org.eclipse.jdt.launching.internal.org.objectweb.asm.ClassReader::accept (1419 bytes)
C2 CompilerThread1     1126  830       4       org.eclipse.jdt.launching.internal.org.objectweb.asm.MethodWriter::visitVarInsn (302 bytes)

VM state:not at safepoint (normal execution)

VM Mutex/Monitor currently owned by a thread: None

Heap address: 0x0000000605200000, size: 8110 MB, Compressed Oops mode: Zero based, Oop shift amount: 3
Narrow klass base: 0x0000000800000000, Narrow klass shift: 0
Compressed class space size: 1073741824 Address: 0x0000000800000000

Heap:
 garbage-first heap   total 520192K, used 16384K [0x0000000605200000, 0x0000000800000000)
  region size 2048K, 10 young (20480K), 0 survivors (0K)
 Metaspace       used 12581K, capacity 12828K, committed 13056K, reserved 1062912K
  class space    used 1138K, capacity 1257K, committed 1280K, reserved 1048576K
Heap Regions: E=young(eden), S=young(survivor), O=old, HS=humongous(starts), HC=humongous(continues), CS=collection set, F=free, A=archive, TAMS=top-at-mark-start (previous, next)
|   0|0x0000000605200000, 0x0000000605200000, 0x0000000605400000|  0%| F|  |TAMS 0x0000000605200000, 0x0000000605200000| Untracked 
|   1|0x0000000605400000, 0x0000000605400000, 0x0000000605600000|  0%| F|  |TAMS 0x0000000605400000, 0x0000000605400000| Untracked 
|   2|0x0000000605600000, 0x0000000605600000, 0x0000000605800000|  0%| F|  |TAMS 0x0000000605600000, 0x0000000605600000| Untracked 
|   3|0x0000000605800000, 0x0000000605800000, 0x0000000605a00000|  0%| F|  |TAMS 0x0000000605800000, 0x0000000605800000| Untracked 
|   4|0x0000000605a00000, 0x0000000605a00000, 0x0000000605c00000|  0%| F|  |TAMS 0x0000000605a00000, 0x0000000605a00000| Untracked 
|   5|0x0000000605c00000, 0x0000000605c00000, 0x0000000605e00000|  0%| F|  |TAMS 0x0000000605c00000, 0x0000000605c00000| Untracked 
|   6|0x0000000605e00000, 0x0000000605e00000, 0x0000000606000000|  0%| F|  |TAMS 0x0000000605e00000, 0x0000000605e00000| Untracked 
|   7|0x0000000606000000, 0x0000000606000000, 0x0000000606200000|  0%| F|  |TAMS 0x0000000606000000, 0x0000000606000000| Untracked 
|   8|0x0000000606200000, 0x0000000606200000, 0x0000000606400000|  0%| F|  |TAMS 0x0000000606200000, 0x0000000606200000| Untracked 
|   9|0x0000000606400000, 0x0000000606400000, 0x0000000606600000|  0%| F|  |TAMS 0x0000000606400000, 0x0000000606400000| Untracked 
|  10|0x0000000606600000, 0x0000000606600000, 0x0000000606800000|  0%| F|  |TAMS 0x0000000606600000, 0x0000000606600000| Untracked 
|  11|0x0000000606800000, 0x0000000606800000, 0x0000000606a00000|  0%| F|  |TAMS 0x0000000606800000, 0x0000000606800000| Untracked 
|  12|0x0000000606a00000, 0x0000000606a00000, 0x0000000606c00000|  0%| F|  |TAMS 0x0000000606a00000, 0x0000000606a00000| Untracked 
|  13|0x0000000606c00000, 0x0000000606c00000, 0x0000000606e00000|  0%| F|  |TAMS 0x0000000606c00000, 0x0000000606c00000| Untracked 
|  14|0x0000000606e00000, 0x0000000606e00000, 0x0000000607000000|  0%| F|  |TAMS 0x0000000606e00000, 0x0000000606e00000| Untracked 
|  15|0x0000000607000000, 0x0000000607000000, 0x0000000607200000|  0%| F|  |TAMS 0x0000000607000000, 0x0000000607000000| Untracked 
|  16|0x0000000607200000, 0x0000000607200000, 0x0000000607400000|  0%| F|  |TAMS 0x0000000607200000, 0x0000000607200000| Untracked 
|  17|0x0000000607400000, 0x0000000607400000, 0x0000000607600000|  0%| F|  |TAMS 0x0000000607400000, 0x0000000607400000| Untracked 
|  18|0x0000000607600000, 0x0000000607600000, 0x0000000607800000|  0%| F|  |TAMS 0x0000000607600000, 0x0000000607600000| Untracked 
|  19|0x0000000607800000, 0x0000000607800000, 0x0000000607a00000|  0%| F|  |TAMS 0x0000000607800000, 0x0000000607800000| Untracked 
|  20|0x0000000607a00000, 0x0000000607a00000, 0x0000000607c00000|  0%| F|  |TAMS 0x0000000607a00000, 0x0000000607a00000| Untracked 
|  21|0x0000000607c00000, 0x0000000607c00000, 0x0000000607e00000|  0%| F|  |TAMS 0x0000000607c00000, 0x0000000607c00000| Untracked 
|  22|0x0000000607e00000, 0x0000000607e00000, 0x0000000608000000|  0%| F|  |TAMS 0x0000000607e00000, 0x0000000607e00000| Untracked 
|  23|0x0000000608000000, 0x0000000608000000, 0x0000000608200000|  0%| F|  |TAMS 0x0000000608000000, 0x0000000608000000| Untracked 
|  24|0x0000000608200000, 0x0000000608200000, 0x0000000608400000|  0%| F|  |TAMS 0x0000000608200000, 0x0000000608200000| Untracked 
|  25|0x0000000608400000, 0x0000000608400000, 0x0000000608600000|  0%| F|  |TAMS 0x0000000608400000, 0x0000000608400000| Untracked 
|  26|0x0000000608600000, 0x0000000608600000, 0x0000000608800000|  0%| F|  |TAMS 0x0000000608600000, 0x0000000608600000| Untracked 
|  27|0x0000000608800000, 0x0000000608800000, 0x0000000608a00000|  0%| F|  |TAMS 0x0000000608800000, 0x0000000608800000| Untracked 
|  28|0x0000000608a00000, 0x0000000608a00000, 0x0000000608c00000|  0%| F|  |TAMS 0x0000000608a00000, 0x0000000608a00000| Untracked 
|  29|0x0000000608c00000, 0x0000000608c00000, 0x0000000608e00000|  0%| F|  |TAMS 0x0000000608c00000, 0x0000000608c00000| Untracked 
|  30|0x0000000608e00000, 0x0000000608e00000, 0x0000000609000000|  0%| F|  |TAMS 0x0000000608e00000, 0x0000000608e00000| Untracked 
|  31|0x0000000609000000, 0x0000000609000000, 0x0000000609200000|  0%| F|  |TAMS 0x0000000609000000, 0x0000000609000000| Untracked 
|  32|0x0000000609200000, 0x0000000609200000, 0x0000000609400000|  0%| F|  |TAMS 0x0000000609200000, 0x0000000609200000| Untracked 
|  33|0x0000000609400000, 0x0000000609400000, 0x0000000609600000|  0%| F|  |TAMS 0x0000000609400000, 0x0000000609400000| Untracked 
|  34|0x0000000609600000, 0x0000000609600000, 0x0000000609800000|  0%| F|  |TAMS 0x0000000609600000, 0x0000000609600000| Untracked 
|  35|0x0000000609800000, 0x0000000609800000, 0x0000000609a00000|  0%| F|  |TAMS 0x0000000609800000, 0x0000000609800000| Untracked 
|  36|0x0000000609a00000, 0x0000000609a00000, 0x0000000609c00000|  0%| F|  |TAMS 0x0000000609a00000, 0x0000000609a00000| Untracked 
|  37|0x0000000609c00000, 0x0000000609c00000, 0x0000000609e00000|  0%| F|  |TAMS 0x0000000609c00000, 0x0000000609c00000| Untracked 
|  38|0x0000000609e00000, 0x0000000609e00000, 0x000000060a000000|  0%| F|  |TAMS 0x0000000609e00000, 0x0000000609e00000| Untracked 
|  39|0x000000060a000000, 0x000000060a000000, 0x000000060a200000|  0%| F|  |TAMS 0x000000060a000000, 0x000000060a000000| Untracked 
|  40|0x000000060a200000, 0x000000060a200000, 0x000000060a400000|  0%| F|  |TAMS 0x000000060a200000, 0x000000060a200000| Untracked 
|  41|0x000000060a400000, 0x000000060a400000, 0x000000060a600000|  0%| F|  |TAMS 0x000000060a400000, 0x000000060a400000| Untracked 
|  42|0x000000060a600000, 0x000000060a600000, 0x000000060a800000|  0%| F|  |TAMS 0x000000060a600000, 0x000000060a600000| Untracked 
|  43|0x000000060a800000, 0x000000060a800000, 0x000000060aa00000|  0%| F|  |TAMS 0x000000060a800000, 0x000000060a800000| Untracked 
|  44|0x000000060aa00000, 0x000000060aa00000, 0x000000060ac00000|  0%| F|  |TAMS 0x000000060aa00000, 0x000000060aa00000| Untracked 
|  45|0x000000060ac00000, 0x000000060ac00000, 0x000000060ae00000|  0%| F|  |TAMS 0x000000060ac00000, 0x000000060ac00000| Untracked 
|  46|0x000000060ae00000, 0x000000060ae00000, 0x000000060b000000|  0%| F|  |TAMS 0x000000060ae00000, 0x000000060ae00000| Untracked 
|  47|0x000000060b000000, 0x000000060b000000, 0x000000060b200000|  0%| F|  |TAMS 0x000000060b000000, 0x000000060b000000| Untracked 
|  48|0x000000060b200000, 0x000000060b200000, 0x000000060b400000|  0%| F|  |TAMS 0x000000060b200000, 0x000000060b200000| Untracked 
|  49|0x000000060b400000, 0x000000060b400000, 0x000000060b600000|  0%| F|  |TAMS 0x000000060b400000, 0x000000060b400000| Untracked 
|  50|0x000000060b600000, 0x000000060b600000, 0x000000060b800000|  0%| F|  |TAMS 0x000000060b600000, 0x000000060b600000| Untracked 
|  51|0x000000060b800000, 0x000000060b800000, 0x000000060ba00000|  0%| F|  |TAMS 0x000000060b800000, 0x000000060b800000| Untracked 
|  52|0x000000060ba00000, 0x000000060ba00000, 0x000000060bc00000|  0%| F|  |TAMS 0x000000060ba00000, 0x000000060ba00000| Untracked 
|  53|0x000000060bc00000, 0x000000060bc00000, 0x000000060be00000|  0%| F|  |TAMS 0x000000060bc00000, 0x000000060bc00000| Untracked 
|  54|0x000000060be00000, 0x000000060be00000, 0x000000060c000000|  0%| F|  |TAMS 0x000000060be00000, 0x000000060be00000| Untracked 
|  55|0x000000060c000000, 0x000000060c000000, 0x000000060c200000|  0%| F|  |TAMS 0x000000060c000000, 0x000000060c000000| Untracked 
|  56|0x000000060c200000, 0x000000060c200000, 0x000000060c400000|  0%| F|  |TAMS 0x000000060c200000, 0x000000060c200000| Untracked 
|  57|0x000000060c400000, 0x000000060c400000, 0x000000060c600000|  0%| F|  |TAMS 0x000000060c400000, 0x000000060c400000| Untracked 
|  58|0x000000060c600000, 0x000000060c600000, 0x000000060c800000|  0%| F|  |TAMS 0x000000060c600000, 0x000000060c600000| Untracked 
|  59|0x000000060c800000, 0x000000060c800000, 0x000000060ca00000|  0%| F|  |TAMS 0x000000060c800000, 0x000000060c800000| Untracked 
|  60|0x000000060ca00000, 0x000000060ca00000, 0x000000060cc00000|  0%| F|  |TAMS 0x000000060ca00000, 0x000000060ca00000| Untracked 
|  61|0x000000060cc00000, 0x000000060cc00000, 0x000000060ce00000|  0%| F|  |TAMS 0x000000060cc00000, 0x000000060cc00000| Untracked 
|  62|0x000000060ce00000, 0x000000060ce00000, 0x000000060d000000|  0%| F|  |TAMS 0x000000060ce00000, 0x000000060ce00000| Untracked 
|  63|0x000000060d000000, 0x000000060d000000, 0x000000060d200000|  0%| F|  |TAMS 0x000000060d000000, 0x000000060d000000| Untracked 
|  64|0x000000060d200000, 0x000000060d200000, 0x000000060d400000|  0%| F|  |TAMS 0x000000060d200000, 0x000000060d200000| Untracked 
|  65|0x000000060d400000, 0x000000060d400000, 0x000000060d600000|  0%| F|  |TAMS 0x000000060d400000, 0x000000060d400000| Untracked 
|  66|0x000000060d600000, 0x000000060d600000, 0x000000060d800000|  0%| F|  |TAMS 0x000000060d600000, 0x000000060d600000| Untracked 
|  67|0x000000060d800000, 0x000000060d800000, 0x000000060da00000|  0%| F|  |TAMS 0x000000060d800000, 0x000000060d800000| Untracked 
|  68|0x000000060da00000, 0x000000060da00000, 0x000000060dc00000|  0%| F|  |TAMS 0x000000060da00000, 0x000000060da00000| Untracked 
|  69|0x000000060dc00000, 0x000000060dc00000, 0x000000060de00000|  0%| F|  |TAMS 0x000000060dc00000, 0x000000060dc00000| Untracked 
|  70|0x000000060de00000, 0x000000060de00000, 0x000000060e000000|  0%| F|  |TAMS 0x000000060de00000, 0x000000060de00000| Untracked 
|  71|0x000000060e000000, 0x000000060e000000, 0x000000060e200000|  0%| F|  |TAMS 0x000000060e000000, 0x000000060e000000| Untracked 
|  72|0x000000060e200000, 0x000000060e200000, 0x000000060e400000|  0%| F|  |TAMS 0x000000060e200000, 0x000000060e200000| Untracked 
|  73|0x000000060e400000, 0x000000060e400000, 0x000000060e600000|  0%| F|  |TAMS 0x000000060e400000, 0x000000060e400000| Untracked 
|  74|0x000000060e600000, 0x000000060e600000, 0x000000060e800000|  0%| F|  |TAMS 0x000000060e600000, 0x000000060e600000| Untracked 
|  75|0x000000060e800000, 0x000000060e800000, 0x000000060ea00000|  0%| F|  |TAMS 0x000000060e800000, 0x000000060e800000| Untracked 
|  76|0x000000060ea00000, 0x000000060ea00000, 0x000000060ec00000|  0%| F|  |TAMS 0x000000060ea00000, 0x000000060ea00000| Untracked 
|  77|0x000000060ec00000, 0x000000060ec00000, 0x000000060ee00000|  0%| F|  |TAMS 0x000000060ec00000, 0x000000060ec00000| Untracked 
|  78|0x000000060ee00000, 0x000000060ee00000, 0x000000060f000000|  0%| F|  |TAMS 0x000000060ee00000, 0x000000060ee00000| Untracked 
|  79|0x000000060f000000, 0x000000060f000000, 0x000000060f200000|  0%| F|  |TAMS 0x000000060f000000, 0x000000060f000000| Untracked 
|  80|0x000000060f200000, 0x000000060f200000, 0x000000060f400000|  0%| F|  |TAMS 0x000000060f200000, 0x000000060f200000| Untracked 
|  81|0x000000060f400000, 0x000000060f400000, 0x000000060f600000|  0%| F|  |TAMS 0x000000060f400000, 0x000000060f400000| Untracked 
|  82|0x000000060f600000, 0x000000060f600000, 0x000000060f800000|  0%| F|  |TAMS 0x000000060f600000, 0x000000060f600000| Untracked 
|  83|0x000000060f800000, 0x000000060f800000, 0x000000060fa00000|  0%| F|  |TAMS 0x000000060f800000, 0x000000060f800000| Untracked 
|  84|0x000000060fa00000, 0x000000060fa00000, 0x000000060fc00000|  0%| F|  |TAMS 0x000000060fa00000, 0x000000060fa00000| Untracked 
|  85|0x000000060fc00000, 0x000000060fc00000, 0x000000060fe00000|  0%| F|  |TAMS 0x000000060fc00000, 0x000000060fc00000| Untracked 
|  86|0x000000060fe00000, 0x000000060fe00000, 0x0000000610000000|  0%| F|  |TAMS 0x000000060fe00000, 0x000000060fe00000| Untracked 
|  87|0x0000000610000000, 0x0000000610000000, 0x0000000610200000|  0%| F|  |TAMS 0x0000000610000000, 0x0000000610000000| Untracked 
|  88|0x0000000610200000, 0x0000000610200000, 0x0000000610400000|  0%| F|  |TAMS 0x0000000610200000, 0x0000000610200000| Untracked 
|  89|0x0000000610400000, 0x0000000610400000, 0x0000000610600000|  0%| F|  |TAMS 0x0000000610400000, 0x0000000610400000| Untracked 
|  90|0x0000000610600000, 0x0000000610600000, 0x0000000610800000|  0%| F|  |TAMS 0x0000000610600000, 0x0000000610600000| Untracked 
|  91|0x0000000610800000, 0x0000000610800000, 0x0000000610a00000|  0%| F|  |TAMS 0x0000000610800000, 0x0000000610800000| Untracked 
|  92|0x0000000610a00000, 0x0000000610a00000, 0x0000000610c00000|  0%| F|  |TAMS 0x0000000610a00000, 0x0000000610a00000| Untracked 
|  93|0x0000000610c00000, 0x0000000610c00000, 0x0000000610e00000|  0%| F|  |TAMS 0x0000000610c00000, 0x0000000610c00000| Untracked 
|  94|0x0000000610e00000, 0x0000000610e00000, 0x0000000611000000|  0%| F|  |TAMS 0x0000000610e00000, 0x0000000610e00000| Untracked 
|  95|0x0000000611000000, 0x0000000611000000, 0x0000000611200000|  0%| F|  |TAMS 0x0000000611000000, 0x0000000611000000| Untracked 
|  96|0x0000000611200000, 0x0000000611200000, 0x0000000611400000|  0%| F|  |TAMS 0x0000000611200000, 0x0000000611200000| Untracked 
|  97|0x0000000611400000, 0x0000000611400000, 0x0000000611600000|  0%| F|  |TAMS 0x0000000611400000, 0x0000000611400000| Untracked 
|  98|0x0000000611600000, 0x0000000611600000, 0x0000000611800000|  0%| F|  |TAMS 0x0000000611600000, 0x0000000611600000| Untracked 
|  99|0x0000000611800000, 0x0000000611800000, 0x0000000611a00000|  0%| F|  |TAMS 0x0000000611800000, 0x0000000611800000| Untracked 
| 100|0x0000000611a00000, 0x0000000611a00000, 0x0000000611c00000|  0%| F|  |TAMS 0x0000000611a00000, 0x0000000611a00000| Untracked 
| 101|0x0000000611c00000, 0x0000000611c00000, 0x0000000611e00000|  0%| F|  |TAMS 0x0000000611c00000, 0x0000000611c00000| Untracked 
| 102|0x0000000611e00000, 0x0000000611e00000, 0x0000000612000000|  0%| F|  |TAMS 0x0000000611e00000, 0x0000000611e00000| Untracked 
| 103|0x0000000612000000, 0x0000000612000000, 0x0000000612200000|  0%| F|  |TAMS 0x0000000612000000, 0x0000000612000000| Untracked 
| 104|0x0000000612200000, 0x0000000612200000, 0x0000000612400000|  0%| F|  |TAMS 0x0000000612200000, 0x0000000612200000| Untracked 
| 105|0x0000000612400000, 0x0000000612400000, 0x0000000612600000|  0%| F|  |TAMS 0x0000000612400000, 0x0000000612400000| Untracked 
| 106|0x0000000612600000, 0x0000000612600000, 0x0000000612800000|  0%| F|  |TAMS 0x0000000612600000, 0x0000000612600000| Untracked 
| 107|0x0000000612800000, 0x0000000612800000, 0x0000000612a00000|  0%| F|  |TAMS 0x0000000612800000, 0x0000000612800000| Untracked 
| 108|0x0000000612a00000, 0x0000000612a00000, 0x0000000612c00000|  0%| F|  |TAMS 0x0000000612a00000, 0x0000000612a00000| Untracked 
| 109|0x0000000612c00000, 0x0000000612c00000, 0x0000000612e00000|  0%| F|  |TAMS 0x0000000612c00000, 0x0000000612c00000| Untracked 
| 110|0x0000000612e00000, 0x0000000612e00000, 0x0000000613000000|  0%| F|  |TAMS 0x0000000612e00000, 0x0000000612e00000| Untracked 
| 111|0x0000000613000000, 0x0000000613000000, 0x0000000613200000|  0%| F|  |TAMS 0x0000000613000000, 0x0000000613000000| Untracked 
| 112|0x0000000613200000, 0x0000000613200000, 0x0000000613400000|  0%| F|  |TAMS 0x0000000613200000, 0x0000000613200000| Untracked 
| 113|0x0000000613400000, 0x0000000613400000, 0x0000000613600000|  0%| F|  |TAMS 0x0000000613400000, 0x0000000613400000| Untracked 
| 114|0x0000000613600000, 0x0000000613600000, 0x0000000613800000|  0%| F|  |TAMS 0x0000000613600000, 0x0000000613600000| Untracked 
| 115|0x0000000613800000, 0x0000000613800000, 0x0000000613a00000|  0%| F|  |TAMS 0x0000000613800000, 0x0000000613800000| Untracked 
| 116|0x0000000613a00000, 0x0000000613a00000, 0x0000000613c00000|  0%| F|  |TAMS 0x0000000613a00000, 0x0000000613a00000| Untracked 
| 117|0x0000000613c00000, 0x0000000613c00000, 0x0000000613e00000|  0%| F|  |TAMS 0x0000000613c00000, 0x0000000613c00000| Untracked 
| 118|0x0000000613e00000, 0x0000000613e00000, 0x0000000614000000|  0%| F|  |TAMS 0x0000000613e00000, 0x0000000613e00000| Untracked 
| 119|0x0000000614000000, 0x0000000614000000, 0x0000000614200000|  0%| F|  |TAMS 0x0000000614000000, 0x0000000614000000| Untracked 
| 120|0x0000000614200000, 0x0000000614200000, 0x0000000614400000|  0%| F|  |TAMS 0x0000000614200000, 0x0000000614200000| Untracked 
| 121|0x0000000614400000, 0x0000000614400000, 0x0000000614600000|  0%| F|  |TAMS 0x0000000614400000, 0x0000000614400000| Untracked 
| 122|0x0000000614600000, 0x0000000614600000, 0x0000000614800000|  0%| F|  |TAMS 0x0000000614600000, 0x0000000614600000| Untracked 
| 123|0x0000000614800000, 0x0000000614800000, 0x0000000614a00000|  0%| F|  |TAMS 0x0000000614800000, 0x0000000614800000| Untracked 
| 124|0x0000000614a00000, 0x0000000614a00000, 0x0000000614c00000|  0%| F|  |TAMS 0x0000000614a00000, 0x0000000614a00000| Untracked 
| 125|0x0000000614c00000, 0x0000000614c00000, 0x0000000614e00000|  0%| F|  |TAMS 0x0000000614c00000, 0x0000000614c00000| Untracked 
| 126|0x0000000614e00000, 0x0000000614e00000, 0x0000000615000000|  0%| F|  |TAMS 0x0000000614e00000, 0x0000000614e00000| Untracked 
| 127|0x0000000615000000, 0x0000000615000000, 0x0000000615200000|  0%| F|  |TAMS 0x0000000615000000, 0x0000000615000000| Untracked 
| 128|0x0000000615200000, 0x0000000615200000, 0x0000000615400000|  0%| F|  |TAMS 0x0000000615200000, 0x0000000615200000| Untracked 
| 129|0x0000000615400000, 0x0000000615400000, 0x0000000615600000|  0%| F|  |TAMS 0x0000000615400000, 0x0000000615400000| Untracked 
| 130|0x0000000615600000, 0x0000000615600000, 0x0000000615800000|  0%| F|  |TAMS 0x0000000615600000, 0x0000000615600000| Untracked 
| 131|0x0000000615800000, 0x0000000615800000, 0x0000000615a00000|  0%| F|  |TAMS 0x0000000615800000, 0x0000000615800000| Untracked 
| 132|0x0000000615a00000, 0x0000000615a00000, 0x0000000615c00000|  0%| F|  |TAMS 0x0000000615a00000, 0x0000000615a00000| Untracked 
| 133|0x0000000615c00000, 0x0000000615c00000, 0x0000000615e00000|  0%| F|  |TAMS 0x0000000615c00000, 0x0000000615c00000| Untracked 
| 134|0x0000000615e00000, 0x0000000615e00000, 0x0000000616000000|  0%| F|  |TAMS 0x0000000615e00000, 0x0000000615e00000| Untracked 
| 135|0x0000000616000000, 0x0000000616000000, 0x0000000616200000|  0%| F|  |TAMS 0x0000000616000000, 0x0000000616000000| Untracked 
| 136|0x0000000616200000, 0x0000000616200000, 0x0000000616400000|  0%| F|  |TAMS 0x0000000616200000, 0x0000000616200000| Untracked 
| 137|0x0000000616400000, 0x0000000616400000, 0x0000000616600000|  0%| F|  |TAMS 0x0000000616400000, 0x0000000616400000| Untracked 
| 138|0x0000000616600000, 0x0000000616600000, 0x0000000616800000|  0%| F|  |TAMS 0x0000000616600000, 0x0000000616600000| Untracked 
| 139|0x0000000616800000, 0x0000000616800000, 0x0000000616a00000|  0%| F|  |TAMS 0x0000000616800000, 0x0000000616800000| Untracked 
| 140|0x0000000616a00000, 0x0000000616a00000, 0x0000000616c00000|  0%| F|  |TAMS 0x0000000616a00000, 0x0000000616a00000| Untracked 
| 141|0x0000000616c00000, 0x0000000616c00000, 0x0000000616e00000|  0%| F|  |TAMS 0x0000000616c00000, 0x0000000616c00000| Untracked 
| 142|0x0000000616e00000, 0x0000000616e00000, 0x0000000617000000|  0%| F|  |TAMS 0x0000000616e00000, 0x0000000616e00000| Untracked 
| 143|0x0000000617000000, 0x0000000617000000, 0x0000000617200000|  0%| F|  |TAMS 0x0000000617000000, 0x0000000617000000| Untracked 
| 144|0x0000000617200000, 0x0000000617200000, 0x0000000617400000|  0%| F|  |TAMS 0x0000000617200000, 0x0000000617200000| Untracked 
| 145|0x0000000617400000, 0x0000000617400000, 0x0000000617600000|  0%| F|  |TAMS 0x0000000617400000, 0x0000000617400000| Untracked 
| 146|0x0000000617600000, 0x0000000617600000, 0x0000000617800000|  0%| F|  |TAMS 0x0000000617600000, 0x0000000617600000| Untracked 
| 147|0x0000000617800000, 0x0000000617800000, 0x0000000617a00000|  0%| F|  |TAMS 0x0000000617800000, 0x0000000617800000| Untracked 
| 148|0x0000000617a00000, 0x0000000617a00000, 0x0000000617c00000|  0%| F|  |TAMS 0x0000000617a00000, 0x0000000617a00000| Untracked 
| 149|0x0000000617c00000, 0x0000000617c00000, 0x0000000617e00000|  0%| F|  |TAMS 0x0000000617c00000, 0x0000000617c00000| Untracked 
| 150|0x0000000617e00000, 0x0000000617e00000, 0x0000000618000000|  0%| F|  |TAMS 0x0000000617e00000, 0x0000000617e00000| Untracked 
| 151|0x0000000618000000, 0x0000000618000000, 0x0000000618200000|  0%| F|  |TAMS 0x0000000618000000, 0x0000000618000000| Untracked 
| 152|0x0000000618200000, 0x0000000618200000, 0x0000000618400000|  0%| F|  |TAMS 0x0000000618200000, 0x0000000618200000| Untracked 
| 153|0x0000000618400000, 0x0000000618400000, 0x0000000618600000|  0%| F|  |TAMS 0x0000000618400000, 0x0000000618400000| Untracked 
| 154|0x0000000618600000, 0x0000000618600000, 0x0000000618800000|  0%| F|  |TAMS 0x0000000618600000, 0x0000000618600000| Untracked 
| 155|0x0000000618800000, 0x0000000618800000, 0x0000000618a00000|  0%| F|  |TAMS 0x0000000618800000, 0x0000000618800000| Untracked 
| 156|0x0000000618a00000, 0x0000000618a00000, 0x0000000618c00000|  0%| F|  |TAMS 0x0000000618a00000, 0x0000000618a00000| Untracked 
| 157|0x0000000618c00000, 0x0000000618c00000, 0x0000000618e00000|  0%| F|  |TAMS 0x0000000618c00000, 0x0000000618c00000| Untracked 
| 158|0x0000000618e00000, 0x0000000618e00000, 0x0000000619000000|  0%| F|  |TAMS 0x0000000618e00000, 0x0000000618e00000| Untracked 
| 159|0x0000000619000000, 0x0000000619000000, 0x0000000619200000|  0%| F|  |TAMS 0x0000000619000000, 0x0000000619000000| Untracked 
| 160|0x0000000619200000, 0x0000000619200000, 0x0000000619400000|  0%| F|  |TAMS 0x0000000619200000, 0x0000000619200000| Untracked 
| 161|0x0000000619400000, 0x0000000619400000, 0x0000000619600000|  0%| F|  |TAMS 0x0000000619400000, 0x0000000619400000| Untracked 
| 162|0x0000000619600000, 0x0000000619600000, 0x0000000619800000|  0%| F|  |TAMS 0x0000000619600000, 0x0000000619600000| Untracked 
| 163|0x0000000619800000, 0x0000000619800000, 0x0000000619a00000|  0%| F|  |TAMS 0x0000000619800000, 0x0000000619800000| Untracked 
| 164|0x0000000619a00000, 0x0000000619a00000, 0x0000000619c00000|  0%| F|  |TAMS 0x0000000619a00000, 0x0000000619a00000| Untracked 
| 165|0x0000000619c00000, 0x0000000619c00000, 0x0000000619e00000|  0%| F|  |TAMS 0x0000000619c00000, 0x0000000619c00000| Untracked 
| 166|0x0000000619e00000, 0x0000000619e00000, 0x000000061a000000|  0%| F|  |TAMS 0x0000000619e00000, 0x0000000619e00000| Untracked 
| 167|0x000000061a000000, 0x000000061a000000, 0x000000061a200000|  0%| F|  |TAMS 0x000000061a000000, 0x000000061a000000| Untracked 
| 168|0x000000061a200000, 0x000000061a200000, 0x000000061a400000|  0%| F|  |TAMS 0x000000061a200000, 0x000000061a200000| Untracked 
| 169|0x000000061a400000, 0x000000061a400000, 0x000000061a600000|  0%| F|  |TAMS 0x000000061a400000, 0x000000061a400000| Untracked 
| 170|0x000000061a600000, 0x000000061a600000, 0x000000061a800000|  0%| F|  |TAMS 0x000000061a600000, 0x000000061a600000| Untracked 
| 171|0x000000061a800000, 0x000000061a800000, 0x000000061aa00000|  0%| F|  |TAMS 0x000000061a800000, 0x000000061a800000| Untracked 
| 172|0x000000061aa00000, 0x000000061aa00000, 0x000000061ac00000|  0%| F|  |TAMS 0x000000061aa00000, 0x000000061aa00000| Untracked 
| 173|0x000000061ac00000, 0x000000061ac00000, 0x000000061ae00000|  0%| F|  |TAMS 0x000000061ac00000, 0x000000061ac00000| Untracked 
| 174|0x000000061ae00000, 0x000000061ae00000, 0x000000061b000000|  0%| F|  |TAMS 0x000000061ae00000, 0x000000061ae00000| Untracked 
| 175|0x000000061b000000, 0x000000061b000000, 0x000000061b200000|  0%| F|  |TAMS 0x000000061b000000, 0x000000061b000000| Untracked 
| 176|0x000000061b200000, 0x000000061b200000, 0x000000061b400000|  0%| F|  |TAMS 0x000000061b200000, 0x000000061b200000| Untracked 
| 177|0x000000061b400000, 0x000000061b400000, 0x000000061b600000|  0%| F|  |TAMS 0x000000061b400000, 0x000000061b400000| Untracked 
| 178|0x000000061b600000, 0x000000061b600000, 0x000000061b800000|  0%| F|  |TAMS 0x000000061b600000, 0x000000061b600000| Untracked 
| 179|0x000000061b800000, 0x000000061b800000, 0x000000061ba00000|  0%| F|  |TAMS 0x000000061b800000, 0x000000061b800000| Untracked 
| 180|0x000000061ba00000, 0x000000061ba00000, 0x000000061bc00000|  0%| F|  |TAMS 0x000000061ba00000, 0x000000061ba00000| Untracked 
| 181|0x000000061bc00000, 0x000000061bc00000, 0x000000061be00000|  0%| F|  |TAMS 0x000000061bc00000, 0x000000061bc00000| Untracked 
| 182|0x000000061be00000, 0x000000061be00000, 0x000000061c000000|  0%| F|  |TAMS 0x000000061be00000, 0x000000061be00000| Untracked 
| 183|0x000000061c000000, 0x000000061c000000, 0x000000061c200000|  0%| F|  |TAMS 0x000000061c000000, 0x000000061c000000| Untracked 
| 184|0x000000061c200000, 0x000000061c200000, 0x000000061c400000|  0%| F|  |TAMS 0x000000061c200000, 0x000000061c200000| Untracked 
| 185|0x000000061c400000, 0x000000061c400000, 0x000000061c600000|  0%| F|  |TAMS 0x000000061c400000, 0x000000061c400000| Untracked 
| 186|0x000000061c600000, 0x000000061c600000, 0x000000061c800000|  0%| F|  |TAMS 0x000000061c600000, 0x000000061c600000| Untracked 
| 187|0x000000061c800000, 0x000000061c800000, 0x000000061ca00000|  0%| F|  |TAMS 0x000000061c800000, 0x000000061c800000| Untracked 
| 188|0x000000061ca00000, 0x000000061ca00000, 0x000000061cc00000|  0%| F|  |TAMS 0x000000061ca00000, 0x000000061ca00000| Untracked 
| 189|0x000000061cc00000, 0x000000061cc00000, 0x000000061ce00000|  0%| F|  |TAMS 0x000000061cc00000, 0x000000061cc00000| Untracked 
| 190|0x000000061ce00000, 0x000000061ce00000, 0x000000061d000000|  0%| F|  |TAMS 0x000000061ce00000, 0x000000061ce00000| Untracked 
| 191|0x000000061d000000, 0x000000061d000000, 0x000000061d200000|  0%| F|  |TAMS 0x000000061d000000, 0x000000061d000000| Untracked 
| 192|0x000000061d200000, 0x000000061d200000, 0x000000061d400000|  0%| F|  |TAMS 0x000000061d200000, 0x000000061d200000| Untracked 
| 193|0x000000061d400000, 0x000000061d400000, 0x000000061d600000|  0%| F|  |TAMS 0x000000061d400000, 0x000000061d400000| Untracked 
| 194|0x000000061d600000, 0x000000061d600000, 0x000000061d800000|  0%| F|  |TAMS 0x000000061d600000, 0x000000061d600000| Untracked 
| 195|0x000000061d800000, 0x000000061d800000, 0x000000061da00000|  0%| F|  |TAMS 0x000000061d800000, 0x000000061d800000| Untracked 
| 196|0x000000061da00000, 0x000000061da00000, 0x000000061dc00000|  0%| F|  |TAMS 0x000000061da00000, 0x000000061da00000| Untracked 
| 197|0x000000061dc00000, 0x000000061dc00000, 0x000000061de00000|  0%| F|  |TAMS 0x000000061dc00000, 0x000000061dc00000| Untracked 
| 198|0x000000061de00000, 0x000000061de00000, 0x000000061e000000|  0%| F|  |TAMS 0x000000061de00000, 0x000000061de00000| Untracked 
| 199|0x000000061e000000, 0x000000061e000000, 0x000000061e200000|  0%| F|  |TAMS 0x000000061e000000, 0x000000061e000000| Untracked 
| 200|0x000000061e200000, 0x000000061e200000, 0x000000061e400000|  0%| F|  |TAMS 0x000000061e200000, 0x000000061e200000| Untracked 
| 201|0x000000061e400000, 0x000000061e400000, 0x000000061e600000|  0%| F|  |TAMS 0x000000061e400000, 0x000000061e400000| Untracked 
| 202|0x000000061e600000, 0x000000061e600000, 0x000000061e800000|  0%| F|  |TAMS 0x000000061e600000, 0x000000061e600000| Untracked 
| 203|0x000000061e800000, 0x000000061e800000, 0x000000061ea00000|  0%| F|  |TAMS 0x000000061e800000, 0x000000061e800000| Untracked 
| 204|0x000000061ea00000, 0x000000061ea00000, 0x000000061ec00000|  0%| F|  |TAMS 0x000000061ea00000, 0x000000061ea00000| Untracked 
| 205|0x000000061ec00000, 0x000000061ec00000, 0x000000061ee00000|  0%| F|  |TAMS 0x000000061ec00000, 0x000000061ec00000| Untracked 
| 206|0x000000061ee00000, 0x000000061ee00000, 0x000000061f000000|  0%| F|  |TAMS 0x000000061ee00000, 0x000000061ee00000| Untracked 
| 207|0x000000061f000000, 0x000000061f000000, 0x000000061f200000|  0%| F|  |TAMS 0x000000061f000000, 0x000000061f000000| Untracked 
| 208|0x000000061f200000, 0x000000061f200000, 0x000000061f400000|  0%| F|  |TAMS 0x000000061f200000, 0x000000061f200000| Untracked 
| 209|0x000000061f400000, 0x000000061f400000, 0x000000061f600000|  0%| F|  |TAMS 0x000000061f400000, 0x000000061f400000| Untracked 
| 210|0x000000061f600000, 0x000000061f600000, 0x000000061f800000|  0%| F|  |TAMS 0x000000061f600000, 0x000000061f600000| Untracked 
| 211|0x000000061f800000, 0x000000061f800000, 0x000000061fa00000|  0%| F|  |TAMS 0x000000061f800000, 0x000000061f800000| Untracked 
| 212|0x000000061fa00000, 0x000000061fa00000, 0x000000061fc00000|  0%| F|  |TAMS 0x000000061fa00000, 0x000000061fa00000| Untracked 
| 213|0x000000061fc00000, 0x000000061fc00000, 0x000000061fe00000|  0%| F|  |TAMS 0x000000061fc00000, 0x000000061fc00000| Untracked 
| 214|0x000000061fe00000, 0x000000061fe00000, 0x0000000620000000|  0%| F|  |TAMS 0x000000061fe00000, 0x000000061fe00000| Untracked 
| 215|0x0000000620000000, 0x0000000620000000, 0x0000000620200000|  0%| F|  |TAMS 0x0000000620000000, 0x0000000620000000| Untracked 
| 216|0x0000000620200000, 0x0000000620200000, 0x0000000620400000|  0%| F|  |TAMS 0x0000000620200000, 0x0000000620200000| Untracked 
| 217|0x0000000620400000, 0x0000000620400000, 0x0000000620600000|  0%| F|  |TAMS 0x0000000620400000, 0x0000000620400000| Untracked 
| 218|0x0000000620600000, 0x0000000620600000, 0x0000000620800000|  0%| F|  |TAMS 0x0000000620600000, 0x0000000620600000| Untracked 
| 219|0x0000000620800000, 0x0000000620800000, 0x0000000620a00000|  0%| F|  |TAMS 0x0000000620800000, 0x0000000620800000| Untracked 
| 220|0x0000000620a00000, 0x0000000620a00000, 0x0000000620c00000|  0%| F|  |TAMS 0x0000000620a00000, 0x0000000620a00000| Untracked 
| 221|0x0000000620c00000, 0x0000000620c00000, 0x0000000620e00000|  0%| F|  |TAMS 0x0000000620c00000, 0x0000000620c00000| Untracked 
| 222|0x0000000620e00000, 0x0000000620e00000, 0x0000000621000000|  0%| F|  |TAMS 0x0000000620e00000, 0x0000000620e00000| Untracked 
| 223|0x0000000621000000, 0x0000000621000000, 0x0000000621200000|  0%| F|  |TAMS 0x0000000621000000, 0x0000000621000000| Untracked 
| 224|0x0000000621200000, 0x0000000621200000, 0x0000000621400000|  0%| F|  |TAMS 0x0000000621200000, 0x0000000621200000| Untracked 
| 225|0x0000000621400000, 0x0000000621400000, 0x0000000621600000|  0%| F|  |TAMS 0x0000000621400000, 0x0000000621400000| Untracked 
| 226|0x0000000621600000, 0x0000000621600000, 0x0000000621800000|  0%| F|  |TAMS 0x0000000621600000, 0x0000000621600000| Untracked 
| 227|0x0000000621800000, 0x0000000621800000, 0x0000000621a00000|  0%| F|  |TAMS 0x0000000621800000, 0x0000000621800000| Untracked 
| 228|0x0000000621a00000, 0x0000000621a00000, 0x0000000621c00000|  0%| F|  |TAMS 0x0000000621a00000, 0x0000000621a00000| Untracked 
| 229|0x0000000621c00000, 0x0000000621c00000, 0x0000000621e00000|  0%| F|  |TAMS 0x0000000621c00000, 0x0000000621c00000| Untracked 
| 230|0x0000000621e00000, 0x0000000621e00000, 0x0000000622000000|  0%| F|  |TAMS 0x0000000621e00000, 0x0000000621e00000| Untracked 
| 231|0x0000000622000000, 0x0000000622000000, 0x0000000622200000|  0%| F|  |TAMS 0x0000000622000000, 0x0000000622000000| Untracked 
| 232|0x0000000622200000, 0x0000000622200000, 0x0000000622400000|  0%| F|  |TAMS 0x0000000622200000, 0x0000000622200000| Untracked 
| 233|0x0000000622400000, 0x0000000622400000, 0x0000000622600000|  0%| F|  |TAMS 0x0000000622400000, 0x0000000622400000| Untracked 
| 234|0x0000000622600000, 0x0000000622600000, 0x0000000622800000|  0%| F|  |TAMS 0x0000000622600000, 0x0000000622600000| Untracked 
| 235|0x0000000622800000, 0x0000000622800000, 0x0000000622a00000|  0%| F|  |TAMS 0x0000000622800000, 0x0000000622800000| Untracked 
| 236|0x0000000622a00000, 0x0000000622a00000, 0x0000000622c00000|  0%| F|  |TAMS 0x0000000622a00000, 0x0000000622a00000| Untracked 
| 237|0x0000000622c00000, 0x0000000622c00000, 0x0000000622e00000|  0%| F|  |TAMS 0x0000000622c00000, 0x0000000622c00000| Untracked 
| 238|0x0000000622e00000, 0x0000000622e00000, 0x0000000623000000|  0%| F|  |TAMS 0x0000000622e00000, 0x0000000622e00000| Untracked 
| 239|0x0000000623000000, 0x0000000623000000, 0x0000000623200000|  0%| F|  |TAMS 0x0000000623000000, 0x0000000623000000| Untracked 
| 240|0x0000000623200000, 0x0000000623200000, 0x0000000623400000|  0%| F|  |TAMS 0x0000000623200000, 0x0000000623200000| Untracked 
| 241|0x0000000623400000, 0x0000000623400000, 0x0000000623600000|  0%| F|  |TAMS 0x0000000623400000, 0x0000000623400000| Untracked 
| 242|0x0000000623600000, 0x0000000623600000, 0x0000000623800000|  0%| F|  |TAMS 0x0000000623600000, 0x0000000623600000| Untracked 
| 243|0x0000000623800000, 0x000000062387cf00, 0x0000000623a00000| 24%| E|  |TAMS 0x0000000623800000, 0x0000000623800000| Complete 
| 244|0x0000000623a00000, 0x0000000623c00000, 0x0000000623c00000|100%| E|CS|TAMS 0x0000000623a00000, 0x0000000623a00000| Complete 
| 245|0x0000000623c00000, 0x0000000623e00000, 0x0000000623e00000|100%| E|  |TAMS 0x0000000623c00000, 0x0000000623c00000| Complete 
| 246|0x0000000623e00000, 0x0000000624000000, 0x0000000624000000|100%| E|CS|TAMS 0x0000000623e00000, 0x0000000623e00000| Complete 
| 247|0x0000000624000000, 0x0000000624200000, 0x0000000624200000|100%| E|CS|TAMS 0x0000000624000000, 0x0000000624000000| Complete 
| 248|0x0000000624200000, 0x0000000624400000, 0x0000000624400000|100%| E|CS|TAMS 0x0000000624200000, 0x0000000624200000| Complete 
| 249|0x0000000624400000, 0x0000000624600000, 0x0000000624600000|100%| E|CS|TAMS 0x0000000624400000, 0x0000000624400000| Complete 
| 250|0x0000000624600000, 0x0000000624800000, 0x0000000624800000|100%| E|CS|TAMS 0x0000000624600000, 0x0000000624600000| Complete 
| 251|0x0000000624800000, 0x0000000624a00000, 0x0000000624a00000|100%| E|CS|TAMS 0x0000000624800000, 0x0000000624800000| Complete 
| 252|0x0000000624a00000, 0x0000000624c00000, 0x0000000624c00000|100%| E|CS|TAMS 0x0000000624a00000, 0x0000000624a00000| Complete 
| 253|0x0000000624c00000, 0x0000000624e00000, 0x0000000624e00000|100%| E|CS|TAMS 0x0000000624c00000, 0x0000000624c00000| Complete 

Card table byte_map: [0x000002189f290000,0x00000218a0270000] _byte_map_base: 0x000002189c267000

Marking Bits (Prev, Next): (CMBitMap*) 0x0000021887c35678, (CMBitMap*) 0x0000021887c356b0
 Prev Bits: [0x00000218a1250000, 0x00000218a9108000)
 Next Bits: [0x00000218a9110000, 0x00000218b0fc8000)

Polling page: 0x0000021885980000

Metaspace:

Usage:
  Non-class:     11.55 MB capacity,    11.43 MB ( 99%) used,   103.67 KB ( <1%) free+waste,    16.56 KB ( <1%) overhead. 
      Class:      1.23 MB capacity,     1.13 MB ( 92%) used,    93.55 KB (  7%) free+waste,     7.38 KB ( <1%) overhead. 
       Both:     12.78 MB capacity,    12.56 MB ( 98%) used,   197.22 KB (  2%) free+waste,    23.94 KB ( <1%) overhead. 

Virtual space:
  Non-class space:       18.00 MB reserved,      11.75 MB ( 65%) committed 
      Class space:        1.00 GB reserved,       1.25 MB ( <1%) committed 
             Both:        1.02 GB reserved,      13.00 MB (  1%) committed 

Chunk freelists:
   Non-Class:  1.62 KB
       Class:  2.88 KB
        Both:  4.50 KB

CodeHeap 'non-profiled nmethods': size=120064Kb used=297Kb max_used=297Kb free=119766Kb
 bounds [0x0000021896d70000, 0x0000021896fe0000, 0x000002189e2b0000]
CodeHeap 'profiled nmethods': size=120000Kb used=1686Kb max_used=1686Kb free=118313Kb
 bounds [0x000002188f840000, 0x000002188fab0000, 0x0000021896d70000]
CodeHeap 'non-nmethods': size=5696Kb used=1198Kb max_used=1211Kb free=4497Kb
 bounds [0x000002188f2b0000, 0x000002188f520000, 0x000002188f840000]
 total_blobs=1337 nmethods=905 adapters=352
 compilation: enabled
              stopped_count=0, restarted_count=0
 full_count=0

Compilation events (10 events):
Event: 1.070 Thread 0x00000218b3e99000  823       4       org.eclipse.jdt.launching.internal.org.objectweb.asm.ByteVector::putByte (39 bytes)
Event: 1.071 Thread 0x00000218b40f5000 nmethod 815 0x0000021896db2290 code [0x0000021896db2420, 0x0000021896db28a8]
Event: 1.071 Thread 0x00000218b3e99000 nmethod 823 0x0000021896db2c90 code [0x0000021896db2e20, 0x0000021896db2f68]
Event: 1.074 Thread 0x00000218b40f5000  826 %     4       java.util.zip.ZipFile$Source::hashN @ 2 (26 bytes)
Event: 1.076 Thread 0x00000218b3e99000  828       4       java.lang.Math::max (11 bytes)
Event: 1.077 Thread 0x00000218b3e99000 nmethod 828 0x0000021896db3090 code [0x0000021896db3200, 0x0000021896db3258]
Event: 1.077 Thread 0x00000218b3e99000  829       4       org.eclipse.jdt.launching.internal.org.objectweb.asm.ClassReader::readShort (27 bytes)
Event: 1.077 Thread 0x00000218b40f5000 nmethod 826% 0x0000021896db3310 code [0x0000021896db34a0, 0x0000021896db36d8]
Event: 1.078 Thread 0x00000218b3e99000 nmethod 829 0x0000021896db3810 code [0x0000021896db3980, 0x0000021896db3a58]
Event: 1.083 Thread 0x00000218b40f5000  830       4       org.eclipse.jdt.launching.internal.org.objectweb.asm.MethodWriter::visitVarInsn (302 bytes)

GC Heap History (0 events):
No events

Deoptimization events (4 events):
Event: 0.214 Thread 0x0000021887bb3000 Uncommon trap: reason=unstable_if action=reinterpret pc=0x0000021896d75500 method=java.lang.String.charAt(I)C @ 4 c2
Event: 0.892 Thread 0x0000021887bb3000 Uncommon trap: reason=class_check action=maybe_recompile pc=0x0000021896d837f8 method=java.util.HashMap.putVal(ILjava/lang/Object;Ljava/lang/Object;ZZ)Ljava/lang/Object; @ 91 c2
Event: 0.895 Thread 0x0000021887bb3000 Uncommon trap: reason=loop_limit_check action=maybe_recompile pc=0x0000021896d8e9d8 method=java.math.BigInteger.implMulAdd([I[IIII)I @ 26 c2
Event: 0.945 Thread 0x0000021887bb3000 Uncommon trap: reason=unstable_if action=reinterpret pc=0x0000021896d80544 method=java.lang.String.hashCode()I @ 22 c2

Classes redefined (0 events):
No events

Internal exceptions (10 events):
Event: 0.199 Thread 0x0000021887bb3000 Exception <a 'java/lang/NoSuchMethodError'{0x0000000624d59530}: java.lang.invoke.DirectMethodHandle$Holder.invokeSpecial(Ljava/lang/Object;Ljava/lang/Object;Ljava/lang/Object;Ljava/lang/Object;)I> (0x0000000624d59530) thrown at [./open/src/hotspot/share/i
Event: 0.202 Thread 0x0000021887bb3000 Exception <a 'java/lang/NoSuchMethodError'{0x0000000624d61b98}: java.lang.invoke.DirectMethodHandle$Holder.invokeVirtual(Ljava/lang/Object;Ljava/lang/Object;)V> (0x0000000624d61b98) thrown at [./open/src/hotspot/share/interpreter/linkResolver.cpp, line 77
Event: 0.830 Thread 0x0000021887bb3000 Exception <a 'java/lang/NoSuchMethodError'{0x0000000624800138}: java.lang.invoke.DirectMethodHandle$Holder.invokeStaticInit(Ljava/lang/Object;Ljava/lang/Object;)V> (0x0000000624800138) thrown at [./open/src/hotspot/share/interpreter/linkResolver.cpp, line
Event: 0.950 Thread 0x0000021887bb3000 Exception <a 'java/lang/NoSuchMethodError'{0x00000006246d4a88}: java.lang.invoke.DirectMethodHandle$Holder.invokeSpecialIFC(Ljava/lang/Object;Ljava/lang/Object;I)I> (0x00000006246d4a88) thrown at [./open/src/hotspot/share/interpreter/linkResolver.cpp, lin
Event: 0.996 Thread 0x0000021887bb3000 Exception <a 'sun/nio/fs/WindowsException'{0x0000000624559398}> (0x0000000624559398) thrown at [./open/src/hotspot/share/prims/jni.cpp, line 611]
Event: 1.023 Thread 0x0000021887bb3000 Exception <a 'sun/nio/fs/WindowsException'{0x0000000624373db0}> (0x0000000624373db0) thrown at [./open/src/hotspot/share/prims/jni.cpp, line 611]
Event: 1.025 Thread 0x0000021887bb3000 Exception <a 'sun/nio/fs/WindowsException'{0x00000006243810b8}> (0x00000006243810b8) thrown at [./open/src/hotspot/share/prims/jni.cpp, line 611]
Event: 1.037 Thread 0x0000021887bb3000 Exception <a 'sun/nio/fs/WindowsException'{0x00000006243dfe98}> (0x00000006243dfe98) thrown at [./open/src/hotspot/share/prims/jni.cpp, line 611]
Event: 1.037 Thread 0x0000021887bb3000 Exception <a 'sun/nio/fs/WindowsException'{0x00000006243e4e28}> (0x00000006243e4e28) thrown at [./open/src/hotspot/share/prims/jni.cpp, line 611]
Event: 1.043 Thread 0x0000021887bb3000 Exception <a 'java/lang/NoSuchMethodError'{0x000000062401f530}: java.lang.invoke.DirectMethodHandle$Holder.invokeVirtual(Ljava/lang/Object;Ljava/lang/Object;Ljava/lang/Object;)Ljava/lang/Object;> (0x000000062401f530) thrown at [./open/src/hotspot/share/in

Events (10 events):
Event: 1.072 loading class com/mysql/cj/Query
Event: 1.072 loading class com/mysql/cj/Query done
Event: 1.074 loading class com/mysql/cj/jdbc/StatementImpl
Event: 1.074 loading class com/mysql/cj/jdbc/StatementImpl done
Event: 1.081 loading class com/mysql/cj/jdbc/ServerPreparedStatement
Event: 1.081 loading class com/mysql/cj/jdbc/ServerPreparedStatement done
Event: 1.085 loading class com/mysql/cj/jdbc/ConnectionImpl$2
Event: 1.085 loading class com/mysql/cj/jdbc/ConnectionImpl$2 done
Event: 1.085 loading class com/mysql/cj/jdbc/result/CachedResultSetMetaData
Event: 1.085 loading class com/mysql/cj/jdbc/result/CachedResultSetMetaData done


Dynamic libraries:
0x00007ff7e4a30000 - 0x00007ff7e4a40000 	C:\Program Files\Java\jdk-11\bin\javaw.exe
0x00007ffcf8f10000 - 0x00007ffcf9108000 	C:\Windows\SYSTEM32\ntdll.dll
0x00007ffcf7b60000 - 0x00007ffcf7c1d000 	C:\Windows\System32\KERNEL32.DLL
0x00007ffcf69e0000 - 0x00007ffcf6cd6000 	C:\Windows\System32\KERNELBASE.dll
0x00007ffcf6600000 - 0x00007ffcf6700000 	C:\Windows\System32\ucrtbase.dll
0x00007ffcee7d0000 - 0x00007ffcee7e9000 	C:\Program Files\Java\jdk-11\bin\jli.dll
0x00007ffcf8960000 - 0x00007ffcf8a10000 	C:\Windows\System32\ADVAPI32.dll
0x00007ffcf7150000 - 0x00007ffcf71ee000 	C:\Windows\System32\msvcrt.dll
0x00007ffcf8750000 - 0x00007ffcf87f0000 	C:\Windows\System32\sechost.dll
0x00007ffcf7c20000 - 0x00007ffcf7d43000 	C:\Windows\System32\RPCRT4.dll
0x00007ffcf65d0000 - 0x00007ffcf65f7000 	C:\Windows\System32\bcrypt.dll
0x00007ffcf8d30000 - 0x00007ffcf8ecf000 	C:\Windows\System32\USER32.dll
0x00007ffcf68b0000 - 0x00007ffcf68d2000 	C:\Windows\System32\win32u.dll
0x00007ffcf7550000 - 0x00007ffcf757b000 	C:\Windows\System32\GDI32.dll
0x00007ffcf6d90000 - 0x00007ffcf6ea7000 	C:\Windows\System32\gdi32full.dll
0x00007ffcf6eb0000 - 0x00007ffcf6f4d000 	C:\Windows\System32\msvcp_win.dll
0x00007ffce6720000 - 0x00007ffce673b000 	C:\Program Files\Java\jdk-11\bin\VCRUNTIME140.dll
0x00007ffce25a0000 - 0x00007ffce283a000 	C:\Windows\WinSxS\amd64_microsoft.windows.common-controls_6595b64144ccf1df_6.0.19041.4355_none_60b8b9eb71f62e16\COMCTL32.dll
0x00007ffcf1350000 - 0x00007ffcf135a000 	C:\Windows\SYSTEM32\VERSION.dll
0x00007ffcf8a10000 - 0x00007ffcf8a3f000 	C:\Windows\System32\IMM32.DLL
0x00007ffceefc0000 - 0x00007ffceefcc000 	C:\Program Files\Java\jdk-11\bin\vcruntime140_1.dll
0x00007ffcd20d0000 - 0x00007ffcd215e000 	C:\Program Files\Java\jdk-11\bin\msvcp140.dll
0x00007ffc93080000 - 0x00007ffc93be2000 	C:\Program Files\Java\jdk-11\bin\server\jvm.dll
0x00007ffcf7680000 - 0x00007ffcf7688000 	C:\Windows\System32\PSAPI.DLL
0x00007ffcee6c0000 - 0x00007ffcee6c9000 	C:\Windows\SYSTEM32\WSOCK32.dll
0x00007ffcf7610000 - 0x00007ffcf767b000 	C:\Windows\System32\WS2_32.dll
0x00007ffce0870000 - 0x00007ffce0897000 	C:\Windows\SYSTEM32\WINMM.dll
0x00007ffcf4470000 - 0x00007ffcf4482000 	C:\Windows\SYSTEM32\kernel.appcore.dll
0x00007ffce6710000 - 0x00007ffce6720000 	C:\Program Files\Java\jdk-11\bin\verify.dll
0x00007ffce4df0000 - 0x00007ffce4fd4000 	C:\Windows\SYSTEM32\DBGHELP.DLL
0x00007ffce4680000 - 0x00007ffce46b4000 	C:\Windows\SYSTEM32\dbgcore.DLL
0x00007ffcf6950000 - 0x00007ffcf69d2000 	C:\Windows\System32\bcryptPrimitives.dll
0x00007ffcdedf0000 - 0x00007ffcdee18000 	C:\Program Files\Java\jdk-11\bin\java.dll
0x00007ffce5220000 - 0x00007ffce522a000 	C:\Program Files\Java\jdk-11\bin\jimage.dll
0x00007ffcdd770000 - 0x00007ffcdd7a8000 	C:\Program Files\Java\jdk-11\bin\jdwp.dll
0x00007ffce4920000 - 0x00007ffce492e000 	C:\Program Files\Java\jdk-11\bin\instrument.dll
0x00007ffcdedd0000 - 0x00007ffcdede7000 	C:\Program Files\Java\jdk-11\bin\zip.dll
0x00007ffcf7d50000 - 0x00007ffcf84bc000 	C:\Windows\System32\SHELL32.dll
0x00007ffcf4670000 - 0x00007ffcf4e0d000 	C:\Windows\SYSTEM32\windows.storage.dll
0x00007ffcf71f0000 - 0x00007ffcf7543000 	C:\Windows\System32\combase.dll
0x00007ffcf5ff0000 - 0x00007ffcf601e000 	C:\Windows\SYSTEM32\Wldp.dll
0x00007ffcf8a50000 - 0x00007ffcf8b1d000 	C:\Windows\System32\OLEAUT32.dll
0x00007ffcf87f0000 - 0x00007ffcf889d000 	C:\Windows\System32\SHCORE.dll
0x00007ffcf84c0000 - 0x00007ffcf8515000 	C:\Windows\System32\shlwapi.dll
0x00007ffcf6500000 - 0x00007ffcf6524000 	C:\Windows\SYSTEM32\profapi.dll
0x00007ffcdeac0000 - 0x00007ffcdead9000 	C:\Program Files\Java\jdk-11\bin\net.dll
0x00007ffcf00e0000 - 0x00007ffcf01ea000 	C:\Windows\SYSTEM32\WINHTTP.dll
0x00007ffcf5d50000 - 0x00007ffcf5dba000 	C:\Windows\system32\mswsock.dll
0x00007ffcd9d50000 - 0x00007ffcd9d62000 	C:\Program Files\Java\jdk-11\bin\nio.dll
0x00007ffce4910000 - 0x00007ffce491b000 	C:\Program Files\Java\jdk-11\bin\dt_socket.dll
0x00007ffcf5a30000 - 0x00007ffcf5afa000 	C:\Windows\SYSTEM32\DNSAPI.dll
0x00007ffcf59e0000 - 0x00007ffcf5a1b000 	C:\Windows\SYSTEM32\IPHLPAPI.DLL
0x00007ffcf8a40000 - 0x00007ffcf8a48000 	C:\Windows\System32\NSI.dll
0x00007ffceb150000 - 0x00007ffceb1d0000 	C:\Windows\System32\fwpuclnt.dll
0x00007ffce9930000 - 0x00007ffce993a000 	C:\Windows\System32\rasadhlp.dll

dbghelp: loaded successfully - version: 4.0.5 - missing functions: none
symbol engine: initialized successfully - sym options: 0x614 - pdb path: .;C:\Program Files\Java\jdk-11\bin;C:\Windows\SYSTEM32;C:\Windows\WinSxS\amd64_microsoft.windows.common-controls_6595b64144ccf1df_6.0.19041.4355_none_60b8b9eb71f62e16;C:\Program Files\Java\jdk-11\bin\server

VM Arguments:
jvm_args: -agentlib:jdwp=transport=dt_socket,suspend=y,address=localhost:50986 -javaagent:C:\Users\EZENIC-145\Downloads\eclipse\configuration\org.eclipse.osgi\448\0\.cp\lib\javaagent-shaded.jar -Dfile.encoding=utf-8 -Dstdout.encoding=utf-8 -Dstderr.encoding=utf-8 --module-path=D:\gunhee_240904\java_workspace\java_project\bin -Djdk.module.main=java_project 
java_command: java_project/fishing.FishingMain
java_class_path (initial): C:\Users\EZENIC-145\Downloads\mysql-connector-j-8.0.33.jar
Launcher Type: SUN_STANDARD

[Global flags]
     intx CICompilerCount                          = 3                                         {product} {ergonomic}
     uint ConcGCThreads                            = 1                                         {product} {ergonomic}
     uint G1ConcRefinementThreads                  = 4                                         {product} {ergonomic}
   size_t G1HeapRegionSize                         = 2097152                                   {product} {ergonomic}
    uintx GCDrainStackTargetSize                   = 64                                        {product} {ergonomic}
   size_t InitialHeapSize                          = 532676608                                 {product} {ergonomic}
   size_t MarkStackSize                            = 4194304                                   {product} {ergonomic}
   size_t MaxHeapSize                              = 8503951360                                {product} {ergonomic}
   size_t MaxNewSize                               = 5102370816                                {product} {ergonomic}
   size_t MinHeapDeltaBytes                        = 2097152                                   {product} {ergonomic}
    uintx NonNMethodCodeHeapSize                   = 5830732                                {pd product} {ergonomic}
    uintx NonProfiledCodeHeapSize                  = 122913754                              {pd product} {ergonomic}
    uintx ProfiledCodeHeapSize                     = 122913754                              {pd product} {ergonomic}
    uintx ReservedCodeCacheSize                    = 251658240                              {pd product} {ergonomic}
     bool SegmentedCodeCache                       = true                                      {product} {ergonomic}
     bool UseCompressedClassPointers               = true                                 {lp64_product} {ergonomic}
     bool UseCompressedOops                        = true                                 {lp64_product} {ergonomic}
     bool UseG1GC                                  = true                                      {product} {ergonomic}
     bool UseLargePagesIndividualAllocation        = false                                  {pd product} {ergonomic}

Logging:
Log output configuration:
 #0: stdout all=warning uptime,level,tags
 #1: stderr all=off uptime,level,tags

Environment Variables:
JAVA_HOME=C:\Program Files\Java\jdk-11
PATH=C:/Users/EZENIC-145/Downloads/eclipse//plugins/org.eclipse.justj.openjdk.hotspot.jre.full.win32.x86_64_21.0.3.v20240426-1530/jre/bin/server;C:/Users/EZENIC-145/Downloads/eclipse//plugins/org.eclipse.justj.openjdk.hotspot.jre.full.win32.x86_64_21.0.3.v20240426-1530/jre/bin;C:\Program Files\Java\jdk-11\bin;C:\Program Files\Common Files\Oracle\Java\javapath;C:\Windows\system32;C:\Windows;C:\Windows\System32\Wbem;C:\Windows\System32\WindowsPowerShell\v1.0\;C:\Windows\System32\OpenSSH\;C:\Program Files\Bandizip\;C:\Program Files\MySQL\MySQL Server 8.0\bin;C:\Program Files\Git\cmd;C:\Program Files\nodejs\;C:\Program Files\nodejs;C:\Program Files\MySQL\MySQL Shell 8.0\bin\;C:\Users\EZENIC-145\AppData\Local\Microsoft\WindowsApps;C:\Users\EZENIC-145\AppData\Local\Programs\Microsoft VS Code\bin;C:\Users\EZENIC-145\AppData\Roaming\npm;C:\Users\EZENIC-145\Downloads\eclipse;
USERNAME=EZENIC-145
OS=Windows_NT
PROCESSOR_IDENTIFIER=Intel64 Family 6 Model 94 Stepping 3, GenuineIntel



---------------  S Y S T E M  ---------------

OS: Windows 10 , 64 bit Build 19041 (10.0.19041.3636)

CPU:total 4 (initial active 4) (4 cores per cpu, 1 threads per core) family 6 model 94 stepping 3 microcode 0xcc, cmov, cx8, fxsr, mmx, sse, sse2, sse3, ssse3, sse4.1, sse4.2, popcnt, avx, avx2, aes, clmul, erms, rtm, 3dnowpref, lzcnt, tsc, tscinvbit, bmi1, bmi2, adx, fma

Memory: 4k page, system-wide physical 32439M (20242M free)
TotalPageFile size 47630M (AvailPageFile size 3M)
current process WorkingSet (physical memory assigned to process): 91M, peak: 91M
current process commit charge ("private bytes"): 612M, peak: 612M

vm_info: Java HotSpot(TM) 64-Bit Server VM (11.0.24+7-LTS-271) for windows-amd64 JRE (11.0.24+7-LTS-271), built on Jun  5 2024 06:54:11 by "mach5one" with MS VC++ 17.6 (VS2022)

END.
